SmartBrowser_java_eclipse/proguard/seeds.txt
com.teuskim.sbrowser.BaseRemoconActivity
com.teuskim.sbrowser.BaseRemoconActivity: com.teuskim.sbrowser.RemoconView mRemocon
com.teuskim.sbrowser.BaseRemoconActivity: com.teuskim.sbrowser.SettingsView mSettingsView
com.teuskim.sbrowser.BaseRemoconActivity: android.widget.TextView mBtnGoText
com.teuskim.sbrowser.BaseRemoconActivity: android.widget.ImageView mBtnGoImg
com.teuskim.sbrowser.BaseRemoconActivity: android.util.DisplayMetrics mDisplayMetrics
com.teuskim.sbrowser.BaseRemoconActivity: com.teuskim.sbrowser.MiscPref mPref
com.teuskim.sbrowser.BaseRemoconActivity: com.teuskim.sbrowser.FacebookApi mFacebookApi
com.teuskim.sbrowser.BaseRemoconActivity: android.view.View$OnClickListener mListener
com.teuskim.sbrowser.BaseRemoconActivity: BaseRemoconActivity()
com.teuskim.sbrowser.BaseRemoconActivity: void btnGo()
com.teuskim.sbrowser.BaseRemoconActivity: java.lang.String getShareUrl()
com.teuskim.sbrowser.BaseRemoconActivity: void onCreate(android.os.Bundle)
com.teuskim.sbrowser.BaseRemoconActivity: void setContentView(int)
com.teuskim.sbrowser.BaseRemoconActivity: void onBackPressed()
com.teuskim.sbrowser.BaseRemoconActivity: void setRemoconBottomView(android.view.View)
com.teuskim.sbrowser.BaseRemoconActivity: void setBoundary()
com.teuskim.sbrowser.BaseRemoconActivity: void setBtnGoImage(int)
com.teuskim.sbrowser.BaseRemoconActivity: void setBtnGoText(java.lang.String)
com.teuskim.sbrowser.BaseRemoconActivity: void onStart()
com.teuskim.sbrowser.ColorPickerView
com.teuskim.sbrowser.ColorPickerView: android.graphics.Paint mPaint
com.teuskim.sbrowser.ColorPickerView: float mCurrentHue
com.teuskim.sbrowser.ColorPickerView: int mCurrentX
com.teuskim.sbrowser.ColorPickerView: int mCurrentY
com.teuskim.sbrowser.ColorPickerView: int mCurrentColor
com.teuskim.sbrowser.ColorPickerView: int mDefaultColor
com.teuskim.sbrowser.ColorPickerView: int[] mHueBarColors
com.teuskim.sbrowser.ColorPickerView: int[] mMainColors
com.teuskim.sbrowser.ColorPickerView: com.teuskim.sbrowser.ColorPickerView$OnColorChangedListener mListener
com.teuskim.sbrowser.ColorPickerView: int mWidth
com.teuskim.sbrowser.ColorPickerView: int mHeight
com.teuskim.sbrowser.ColorPickerView: ColorPickerView(android.content.Context,int,int)
com.teuskim.sbrowser.ColorPickerView: void init(int,com.teuskim.sbrowser.ColorPickerView$OnColorChangedListener)
com.teuskim.sbrowser.ColorPickerView: int getCurrentMainColor()
com.teuskim.sbrowser.ColorPickerView: void updateMainColors()
com.teuskim.sbrowser.ColorPickerView: void onDraw(android.graphics.Canvas)
com.teuskim.sbrowser.ColorPickerView: boolean isDark(int)
com.teuskim.sbrowser.ColorPickerView: void onMeasure(int,int)
com.teuskim.sbrowser.ColorPickerView: boolean onTouchEvent(android.view.MotionEvent)
com.teuskim.sbrowser.ColorPickerView$ColorChange: com.teuskim.sbrowser.ColorPickerView$ColorChange[] values()
com.teuskim.sbrowser.ColorPickerView$ColorChange: com.teuskim.sbrowser.ColorPickerView$ColorChange valueOf(java.lang.String)
...
android.support.v4.app.BackStackState
android.support.v4.app.BackStackState: android.os.Parcelable$Creator CREATOR
android.support.v4.app.Fragment$SavedState
android.support.v4.app.Fragment$SavedState: android.os.Parcelable$Creator CREATOR
android.support.v4.app.FragmentActivity
android.support.v4.app.FragmentManagerState
android.support.v4.app.FragmentManagerState: android.os.Parcelable$Creator CREATOR
android.support.v4.app.FragmentState
android.support.v4.app.FragmentState: android.os.Parcelable$Creator CREATOR
android.support.v4.content.ModernAsyncTask$Status: android.support.v4.content.ModernAsyncTask$Status[] values()
android.support.v4.content.ModernAsyncTask$Status: android.support.v4.content.ModernAsyncTask$Status valueOf(java.lang.String)
android.support.v4.view.PagerTabStrip
android.support.v4.view.PagerTabStrip: PagerTabStrip(android.content.Context,android.util.AttributeSet)
android.support.v4.view.PagerTitleStrip
android.support.v4.view.PagerTitleStrip: PagerTitleStrip(android.content.Context,android.util.AttributeSet)
android.support.v4.view.ViewPager
android.support.v4.view.ViewPager: ViewPager(android.content.Context,android.util.AttributeSet)
android.support.v4.view.ViewPager$LayoutParams
android.support.v4.view.ViewPager$LayoutParams: ViewPager$LayoutParams(android.content.Context,android.util.AttributeSet)
android.support.v4.view.ViewPager$SavedState
android.support.v4.view.ViewPager$SavedState: android.os.Parcelable$Creator CREATOR