SmartBrowser_java_eclipse/proguard/mapping.txt
com.teuskim.sbrowser.BaseRemoconActivity -> com.teuskim.sbrowser.BaseRemoconActivity:
    com.teuskim.sbrowser.RemoconView mRemocon -> mRemocon
    com.teuskim.sbrowser.SettingsView mSettingsView -> mSettingsView
    android.widget.TextView mBtnGoText -> mBtnGoText
    android.widget.ImageView mBtnGoImg -> mBtnGoImg
    android.util.DisplayMetrics mDisplayMetrics -> mDisplayMetrics
    com.teuskim.sbrowser.MiscPref mPref -> mPref
    com.teuskim.sbrowser.FacebookApi mFacebookApi -> mFacebookApi
    android.view.View$OnClickListener mListener -> mListener
    void btnGo() -> btnGo
    java.lang.String getShareUrl() -> getShareUrl
    void onCreate(android.os.Bundle) -> onCreate
    void setContentView(int) -> setContentView
    void onBackPressed() -> onBackPressed
    void setRemoconBottomView(android.view.View) -> setRemoconBottomView
    void setBoundary() -> setBoundary
    void setBtnGoImage(int) -> setBtnGoImage
    void setBtnGoText(java.lang.String) -> setBtnGoText
    void onStart() -> onStart
    void btnInputQueryForm() -> btnInputQueryForm
    void setOnBackClickListener(android.view.View$OnClickListener) -> setOnBackClickListener
    void setOnFowardClickListener(android.view.View$OnClickListener) -> setOnFowardClickListener
    void btnSettings() -> btnSettings
    void initSettingsView(com.teuskim.sbrowser.SettingsView) -> initSettingsView
    void showRemocon() -> showRemocon
    void hideRemocon() -> hideRemocon
    int getRemoconWidth() -> getRemoconWidth
com.teuskim.sbrowser.BaseRemoconActivity$1 -> com.teuskim.sbrowser.a:
    com.teuskim.sbrowser.BaseRemoconActivity this$0 -> a
    void onClick(android.view.View) -> onClick
com.teuskim.sbrowser.BaseRemoconActivity$2 -> com.teuskim.sbrowser.b:
    com.teuskim.sbrowser.BaseRemoconActivity this$0 -> a
    void onAlphaChanged(int) -> a
com.teuskim.sbrowser.BaseRemoconActivity$3 -> com.teuskim.sbrowser.c:
    com.teuskim.sbrowser.BaseRemoconActivity this$0 -> a
    void OnSessionChange(boolean) -> a
com.teuskim.sbrowser.BaseRemoconActivity$4 -> com.teuskim.sbrowser.d:
    com.teuskim.sbrowser.BaseRemoconActivity this$0 -> a
    void onClick(android.view.View) -> onClick
com.teuskim.sbrowser.BaseRemoconActivity$5 -> com.teuskim.sbrowser.e:
    com.teuskim.sbrowser.BaseRemoconActivity this$0 -> a
    void onClick(android.view.View) -> onClick
com.teuskim.sbrowser.ColorPickerView -> com.teuskim.sbrowser.ColorPickerView:
    android.graphics.Paint mPaint -> mPaint
    float mCurrentHue -> mCurrentHue
    int mCurrentX -> mCurrentX
    int mCurrentY -> mCurrentY
    int mCurrentColor -> mCurrentColor
    int mDefaultColor -> mDefaultColor
    int[] mHueBarColors -> mHueBarColors
    int[] mMainColors -> mMainColors
    com.teuskim.sbrowser.ColorPickerView$OnColorChangedListener mListener -> mListener
    int mWidth -> mWidth
    int mHeight -> mHeight
    void init(int,com.teuskim.sbrowser.ColorPickerView$OnColorChangedListener) -> init
    int getCurrentMainColor() -> getCurrentMainColor
    void updateMainColors() -> updateMainColors
    void onDraw(android.graphics.Canvas) -> onDraw
    boolean isDark(int) -> isDark
    void onMeasure(int,int) -> onMeasure
    boolean onTouchEvent(android.view.MotionEvent) -> onTouchEvent
com.teuskim.sbrowser.ColorPickerView$ColorChange -> com.teuskim.sbrowser.f:
    com.teuskim.sbrowser.ColorPickerView$ColorChange CHANGE -> a
    com.teuskim.sbrowser.ColorPickerView$ColorChange OK -> b
    com.teuskim.sbrowser.ColorPickerView$ColorChange CANCEL -> c
    com.teuskim.sbrowser.ColorPickerView$ColorChange[] ENUM$VALUES -> d
    com.teuskim.sbrowser.ColorPickerView$ColorChange[] values() -> values
    com.teuskim.sbrowser.ColorPickerView$ColorChange valueOf(java.lang.String) -> valueOf
com.teuskim.sbrowser.ColorPickerView$OnColorChangedListener -> com.teuskim.sbrowser.g:
    void colorChanged(com.teuskim.sbrowser.ColorPickerView$ColorChange,int) -> a
...
com.facebook.android.api.FbDialog -> com.a.a.a.k:
    float[] DIMENSIONS_DIFF_LANDSCAPE -> a
    float[] DIMENSIONS_DIFF_PORTRAIT -> b
    android.widget.FrameLayout$LayoutParams FILL -> c
    java.lang.String mUrl -> d
    com.facebook.android.api.Facebook$DialogListener mListener -> e
    android.app.ProgressDialog mSpinner -> f
    android.widget.ImageView mCrossImage -> g
    android.webkit.WebView mWebView -> h
    android.widget.FrameLayout mContent -> i
    void onCreate(android.os.Bundle) -> onCreate
    com.facebook.android.api.Facebook$DialogListener access$0(com.facebook.android.api.FbDialog) -> a
    android.app.ProgressDialog access$1(com.facebook.android.api.FbDialog) -> b
    android.widget.FrameLayout access$2(com.facebook.android.api.FbDialog) -> c
    android.webkit.WebView access$3(com.facebook.android.api.FbDialog) -> d
    android.widget.ImageView access$4(com.facebook.android.api.FbDialog) -> e
com.facebook.android.api.FbDialog$1 -> com.a.a.a.l:
    com.facebook.android.api.FbDialog this$0 -> a
    void onClick(android.view.View) -> onClick
com.facebook.android.api.FbDialog$FbWebViewClient -> com.a.a.a.m:
    com.facebook.android.api.FbDialog this$0 -> a
    boolean shouldOverrideUrlLoading(android.webkit.WebView,java.lang.String) -> shouldOverrideUrlLoading
    void onReceivedError(android.webkit.WebView,int,java.lang.String,java.lang.String) -> onReceivedError
    void onPageStarted(android.webkit.WebView,java.lang.String,android.graphics.Bitmap) -> onPageStarted
    void onPageFinished(android.webkit.WebView,java.lang.String) -> onPageFinished
com.facebook.android.api.SessionEvents -> com.a.a.a.n:
    java.util.LinkedList mAuthListeners -> a
    java.util.LinkedList mLogoutListeners -> b
    void addAuthListener(com.facebook.android.api.SessionEvents$AuthListener) -> a
    void addLogoutListener(com.facebook.android.api.SessionEvents$LogoutListener) -> a
    void onLoginSuccess() -> a
    void onLoginError(java.lang.String) -> a
com.facebook.android.api.SessionEvents$AuthListener -> com.a.a.a.o:
    void onAuthSucceed() -> a
com.facebook.android.api.SessionEvents$LogoutListener -> com.a.a.a.p:
com.facebook.android.api.Util -> com.a.a.a.q:
    java.lang.String encodePostBody(android.os.Bundle,java.lang.String) -> a
    java.lang.String encodeUrl(android.os.Bundle) -> a
    android.os.Bundle decodeUrl(java.lang.String) -> c
    android.os.Bundle parseUrl(java.lang.String) -> a
    java.lang.String openUrl(java.lang.String,java.lang.String,android.os.Bundle) -> a
    java.lang.String read(java.io.InputStream) -> a
    org.json.JSONObject parseJson(java.lang.String) -> b
    void showAlert(android.content.Context,java.lang.String,java.lang.String) -> a
twitter4j.ExceptionDiagnosis -> a.a:
    int stackLineHash -> a
    int lineNumberHash -> b
    java.lang.String hexString -> c
    java.lang.Throwable th -> d
    java.lang.String getStackLineHashAsHex() -> a
    java.lang.String getLineNumberHashAsHex() -> b
    java.lang.String toHexString(int) -> a
    boolean equals(java.lang.Object) -> equals
    int hashCode() -> hashCode
    java.lang.String toString() -> toString
twitter4j.RateLimitStatus -> a.b:
    int getSecondsUntilReset() -> a
twitter4j.Twitter -> a.c:
twitter4j.TwitterException -> a.d:
    int statusCode -> b
    twitter4j.ExceptionDiagnosis exceptionDiagnosis -> c
    twitter4j.internal.http.HttpResponse response -> d
    java.lang.String errorMessage -> e
    java.lang.String requestPath -> f
    java.lang.String[] FILTER -> g
    boolean nested -> a
    java.lang.String getMessage() -> getMessage
    int getStatusCode() -> a
    twitter4j.RateLimitStatus getRateLimitStatus() -> b
    int getRetryAfter() -> c
    twitter4j.ExceptionDiagnosis getExceptionDiagnosis() -> d
    boolean equals(java.lang.Object) -> equals
    int hashCode() -> hashCode
    java.lang.String toString() -> toString