SmartBrowser_java_eclipse/proguard/usage.txt
com.teuskim.sbrowser.BuildConfig
com.teuskim.sbrowser.Downloader:
    private static final java.lang.String TAG
    private static final int BUFFER_SIZE
    41:42:public void setDownloadListener(com.teuskim.sbrowser.Downloader$DownloadListener)
    49:50:public void setTTL(long)
    60:60:public boolean get(org.apache.http.client.methods.HttpUriRequest,java.io.File)
    68:68:public boolean getForce(java.lang.String,java.io.File)
    72:72:public boolean getForce(org.apache.http.client.methods.HttpUriRequest,java.io.File)
    80:81:public void stop()
com.teuskim.sbrowser.FacebookApi:
    private static final java.lang.String APP_ID
    79:84:public void logout()
    34:34:static synthetic android.os.Handler access$6(com.teuskim.sbrowser.FacebookApi)
com.teuskim.sbrowser.FacebookApi$FbLogoutListener:
    146:148:public void onLogoutBegin()
    151:159:public void onLogoutFinish()
com.teuskim.sbrowser.FacebookApi$LogoutRequestListener
com.teuskim.sbrowser.FacebookApi$LogoutRequestListener$1
com.teuskim.sbrowser.HangulUtil:
    private static final int JASO_START_INDEX
    private static final int HANGUL_START_INDEX
    private static final int JAUM_FULL_SIZE
    4:4:public HangulUtil()
com.teuskim.sbrowser.HttpManager:
    24:24:public HttpManager()
com.teuskim.sbrowser.IOUtils:
    private static final java.lang.String TAG
    public static final int IO_BUFFER_SIZE
    7:7:public IOUtils()
    30:36:public static boolean sync(java.io.FileOutputStream)
com.teuskim.sbrowser.KakaoLink:
    55:69:public KakaoLink(android.content.Context,java.lang.String,java.lang.String,java.lang.String,java.lang.String,java.lang.String)
    107:127:private android.net.Uri createLinkData()
    202:202:public android.net.Uri getData()
com.teuskim.sbrowser.Log:
    private static final boolean IS_LOGGING
    3:3:public Log()
    9:11:public static void d(java.lang.String,java.lang.String)
    15:17:public static void d(java.lang.String,java.lang.String,java.lang.Throwable)
    35:37:public static void i(java.lang.String,java.lang.String,java.lang.Throwable)
    41:43:public static void v(java.lang.String,java.lang.String)
    47:49:public static void v(java.lang.String,java.lang.String,java.lang.Throwable)
    53:55:public static void w(java.lang.String,java.lang.String)
    59:61:public static void w(java.lang.String,java.lang.String,java.lang.Throwable)
com.teuskim.sbrowser.MainActivity:
    private static final java.lang.String TAG
    private static final int MAIN_MODE_HOME
    private static final int MAIN_MODE_SAVED
    public static final java.lang.String URL_SB
com.teuskim.sbrowser.MiscPref:
    private static final java.lang.String KEY_MYPAGE
    private static final java.lang.String KEY_REMOCON_LEFT
    private static final java.lang.String KEY_REMOCON_BOTTOM
    private static final java.lang.String KEY_REMOCON_ALPHA
    private static final java.lang.String KEY_CONT_BG_COLOR
    private static final java.lang.String KEY_CONT_FONT_COLOR
    private static final java.lang.String KEY_CONT_FONT_SIZE
    private static final java.lang.String KEY_CONT_LINE_SPACE
    private static final java.lang.String KEY_CONT_PADDING
    private static final java.lang.String KEY_LAST_URL
    public static final int INIT_REMOCON_ALPHA
    public static final int INIT_CONT_BG_COLOR
    public static final int INIT_CONT_FONT_COLOR
    public static final int INIT_CONT_FONT_SIZE
    public static final int INIT_CONT_LINE_SPACE
    public static final int INIT_CONT_PADDING
    149:152:private java.lang.String checkNull(java.lang.String)
    156:158:public boolean setFbToken(java.lang.String)
    162:162:public java.lang.String getFbToken()
com.teuskim.sbrowser.MiscUtils:
    14:14:public MiscUtils()
    28:33:public static boolean makeDirs(java.lang.String)
    40:54:public static java.lang.String getRawResourceText(android.content.Context,int)
    79:91:public static void deleteFile(java.io.File)
    100:106:public static boolean isValidEmail(java.lang.String)
...
android.support.v4.net.TrafficStatsCompat$BaseTrafficStatsCompatImpl
android.support.v4.net.TrafficStatsCompat$BaseTrafficStatsCompatImpl$1
android.support.v4.net.TrafficStatsCompat$BaseTrafficStatsCompatImpl$SocketTags
android.support.v4.net.TrafficStatsCompat$IcsTrafficStatsCompatImpl
android.support.v4.net.TrafficStatsCompat$TrafficStatsCompatImpl
android.support.v4.net.TrafficStatsCompatIcs
android.support.v4.os.ParcelableCompat:
    26:42:public ParcelableCompat()
android.support.v4.os.ParcelableCompatCreatorHoneycombMR2:
    36:36:public java.lang.Object createFromParcel(android.os.Parcel)
    40:40:public java.lang.Object createFromParcel(android.os.Parcel,java.lang.ClassLoader)
    44:44:public java.lang.Object[] newArray(int)
android.support.v4.os.ParcelableCompatCreatorHoneycombMR2Stub:
    22:22:ParcelableCompatCreatorHoneycombMR2Stub()
android.support.v4.util.DebugUtils:
    25:25:public DebugUtils()
android.support.v4.util.LongSparseArray
android.support.v4.util.LruCache
android.support.v4.util.SparseArrayCompat:
    107:111:public void removeAtRange(int,int)
    236:241:public void setValueAt(int,java.lang.Object)
    249:253:public int indexOfKey(int)
    265:273:public int indexOfValue(java.lang.Object)
    296:323:public void append(int,java.lang.Object)
android.support.v4.util.TimeUtils
android.support.v4.view.AccessibilityDelegateCompat
android.support.v4.view.AccessibilityDelegateCompat$AccessibilityDelegateIcsImpl
android.support.v4.view.AccessibilityDelegateCompat$AccessibilityDelegateIcsImpl$1
android.support.v4.view.AccessibilityDelegateCompat$AccessibilityDelegateImpl
android.support.v4.view.AccessibilityDelegateCompat$AccessibilityDelegateJellyBeanImpl
android.support.v4.view.AccessibilityDelegateCompat$AccessibilityDelegateJellyBeanImpl$1
android.support.v4.view.AccessibilityDelegateCompat$AccessibilityDelegateStubImpl
android.support.v4.view.AccessibilityDelegateCompatIcs
android.support.v4.view.AccessibilityDelegateCompatIcs$1
android.support.v4.view.AccessibilityDelegateCompatIcs$AccessibilityDelegateBridge
android.support.v4.view.AccessibilityDelegateCompatJellyBean
android.support.v4.view.AccessibilityDelegateCompatJellyBean$1
android.support.v4.view.AccessibilityDelegateCompatJellyBean$AccessibilityDelegateBridgeJellyBean
android.support.v4.view.KeyEventCompat:
    25:95:public KeyEventCompat()
    127:127:public static int normalizeMetaState(int)
    131:131:public static boolean metaStateHasModifiers(int,int)
    135:135:public static boolean metaStateHasNoModifiers(int)
android.support.v4.view.KeyEventCompat$BaseKeyEventVersionImpl:
    private static final int META_MODIFIER_MASK
    private static final int META_ALL_MASK
android.support.v4.view.KeyEventCompat$HoneycombKeyEventVersionImpl:
    98:98:public int normalizeMetaState(int)
android.support.v4.view.KeyEventCompat$KeyEventVersionImpl:
    public abstract int normalizeMetaState(int)
android.support.v4.view.KeyEventCompatHoneycomb:
    24:24:KeyEventCompatHoneycomb()
    26:26:public static int normalizeMetaState(int)
android.support.v4.view.MenuCompat
android.support.v4.view.MenuCompat$BaseMenuVersionImpl
android.support.v4.view.MenuCompat$HoneycombMenuVersionImpl
android.support.v4.view.MenuCompat$MenuVersionImpl
android.support.v4.view.MenuItemCompat
android.support.v4.view.MenuItemCompat$BaseMenuVersionImpl
android.support.v4.view.MenuItemCompat$HoneycombMenuVersionImpl
android.support.v4.view.MenuItemCompat$MenuVersionImpl
android.support.v4.view.MenuItemCompatHoneycomb